This file contains any messages produced by compilers while
running configure, to aid debugging if configure makes a mistake.

configure:643: checking host system type
configure:684: checking for gcc
configure:761: checking whether the C compiler (gcc -g ) works
configure:775: gcc -o conftest -g   conftest.c  1>&5
configure:795: checking whether the C compiler (gcc -g ) is a cross-compiler
configure:800: checking whether we are using GNU C
configure:824: checking whether gcc accepts -g
configure:852: checking how to run the C preprocessor
configure:914: checking for minix/config.h
configure:967: checking whether gcc needs -traditional
configure:1023: checking for a BSD compatible install
configure:1075: checking for ranlib
configure:1103: checking return type of signal handlers
configure:1145: checking whether stat file-mode macros are broken
configure:1205: checking for dirent.h that defines DIR
configure:1243: checking for opendir in -ldir
configure:1329: checking for strcasecmp
configure:1329: checking for select
configure:1329: checking for setenv
configure:1329: checking for putenv
configure:1329: checking for tcgetattr
configure:1329: checking for setlocale
configure:1329: checking for lstat
configure:1383: checking for working strcoll
configure:1430: checking for unistd.h
configure:1430: checking for stdlib.h
configure:1430: checking for varargs.h
configure:1430: checking for stdarg.h
configure:1430: checking for string.h
configure:1430: checking for sys/ptem.h
configure:1430: checking for sys/pte.h
configure:1430: checking for sys/stream.h
configure:1430: checking for sys/select.h
configure:1430: checking for termcap.h
configure:1430: checking for termios.h
configure:1430: checking for termio.h
configure:1430: checking for sys/file.h
configure:1430: checking for locale.h
configure:1469: checking for type of signal functions
configure:1570: checking if signal handlers must be reinstalled when invoked
configure:1652: checking for presence of POSIX-style sigsetjmp/siglongjmp
configure:1726: checking for lstat
configure:1762: checking whether programs are able to redeclare getpw functions
configure:1800: checking whether or not strcoll and strcmp differ
configure:1873: checking whether signal handlers are of type void
configure:1913: checking for TIOCGWINSZ in sys/ioctl.h
configure:1947: checking for TIOCSTAT in sys/ioctl.h
configure:1981: checking for FIONREAD in sys/ioctl.h
configure:2015: checking for speed_t in sys/types.h
configure:2048: checking for struct winsize in sys/ioctl.h and termios.h
configure:2110: checking if struct dirent has a d_ino member
configure:2166: checking if struct dirent has a d_fileno member
configure:2229: checking which library has the termcap functions
