This file contains any messages produced by compilers while
running configure, to aid debugging if configure makes a mistake.

configure:658: checking host system type
configure:679: checking target system type
configure:697: checking build system type
configure:793: checking for a BSD compatible install
configure:913: checking for find
configure:951: checking for mkdirhier
configure:980: checking whether make sets ${MAKE}
configure:1038: checking for C compiler
configure:1045: checking for cc
configure:1193: checking how to run the C preprocessor
configure:1214: cc -E  conftest.c >/dev/null 2>conftest.out
configure:1210: undefined type, found `Syntax'
configure:1210: illegal external declaration, missing `;' after `Error'
cpp-precomp: warning: errors during smart preprocessing, retrying in basic mode
configure: failed program was:
#line 1208 "configure"
#include "confdefs.h"
#include <assert.h>
Syntax Error
configure:1231: cc -E -traditional-cpp  conftest.c >/dev/null 2>conftest.out
configure:1323: checking for C++ compiler
configure:1330: checking for cxx
configure:1330: checking for c++
configure:1580: checking how to run the C++ preprocessor
configure:1598: c++ -E  conftest.C >/dev/null 2>conftest.out
configure:1633: checking which link command to use for C++
configure:1647: checking Features of c++
configure:1661: checking whether C++ understands exceptions
configure:1687: c++ -c   conftest.C 1>&5
configure:1725: checking Do we use exceptions for this setup
configure:1757: checking how to get dependencies from compiler
configure:1825: checking for multithreading
configure:2068: checking for working const
configure:2122: cc -c   conftest.c 1>&5
configure:2143: checking whether byte ordering is bigendian
configure:2161: cc -c   conftest.c 1>&5
configure:2176: cc -c   conftest.c 1>&5
configure:2258: checking whether char is unsigned
configure:2297: cc -o conftest    conftest.c  1>&5
configure: failed program was:
#line 2287 "configure"
#include "confdefs.h"
/* volatile prevents gcc2 from optimizing the test away on sparcs.  */
#if !defined(__STDC__) || __STDC__ != 1
#define volatile
#endif
main() {
  volatile char c = 255; exit(c < 0);
}
configure:2321: checking size of signed char
configure:2340: cc -o conftest    conftest.c  1>&5
configure:2360: checking size of unsigned char
configure:2379: cc -o conftest    conftest.c  1>&5
configure:2399: checking size of unsigned short
configure:2418: cc -o conftest    conftest.c  1>&5
configure:2438: checking size of unsigned int
configure:2457: cc -o conftest    conftest.c  1>&5
configure:2477: checking size of unsigned long
configure:2496: cc -o conftest    conftest.c  1>&5
configure:2516: checking size of unsigned long long
configure:2535: cc -o conftest    conftest.c  1>&5
configure:2555: checking for long double
configure:2574: cc -o conftest    conftest.c  1>&5
configure: In function `main':
configure:2569: warning: use of `long double' type; its size may change in a future release
configure:2569: warning: (Long double usage is reported only once for each file.
configure:2569: warning: To disable this warning, use -Wno-long-double.)
configure:2757: checking for stdlib.h
configure:2767: c++ -E  conftest.C >/dev/null 2>conftest.out
configure:2797: checking for stddef.h
configure:2807: c++ -E  conftest.C >/dev/null 2>conftest.out
configure:2838: checking for stdio.h
configure:2848: c++ -E  conftest.C >/dev/null 2>conftest.out
configure:2879: checking for vsnprintf()
configure:2892: c++ -c   conftest.C 1>&5
configure: In function `int main()':
configure:2888: warning: invalid conversion from `int' to `char*'
configure:2913: checking for out_waiting()
configure:2923: c++ -c   conftest.C 1>&5
configure: In function `int main()':
configure:2919: no matching function for call to `std::basic_streambuf<char, 
   std::char_traits<char> >::out_waiting()'
configure: failed program was:
#line 2916 "configure"
#include "confdefs.h"
#include <iostream.h>
int main() {
{cout.rdbuf()->out_waiting();}
; return 0; }
configure:2942: checking for errno.h
configure:2952: c++ -E  conftest.C >/dev/null 2>conftest.out
configure:2982: checking for unistd.h
configure:2992: c++ -E  conftest.C >/dev/null 2>conftest.out
configure:3022: checking for sysent.h
configure:3032: c++ -E  conftest.C >/dev/null 2>conftest.out
configure:3028:20: sysent.h: No such file or directory
configure: failed program was:
#line 3027 "configure"
#include "confdefs.h"
#include <sysent.h>
configure:3063: checking for mawk
configure:3063: checking for gawk
configure:3063: checking for nawk
configure:3063: checking for awk
configure:3143: checking for string.h
configure:3153: c++ -E  conftest.C >/dev/null 2>conftest.out
configure:3184: checking whether reentrant string API is available
configure:3201: c++ -o conftest    conftest.C  1>&5
configure:3227: checking where 'sys_errlist' is defined
configure:3239: c++ -c   conftest.C 1>&5
configure:3302: checking for sys/msg.h
configure:3312: c++ -E  conftest.C >/dev/null 2>conftest.out
configure:3308:21: sys/msg.h: No such file or directory
configure: failed program was:
#line 3307 "configure"
#include "confdefs.h"
#include <sys/msg.h>
configure:3343: checking for pthread.h
configure:3353: c++ -E  conftest.C >/dev/null 2>conftest.out
configure:3383: checking for synch.h
configure:3393: c++ -E  conftest.C >/dev/null 2>conftest.out
configure:3389:19: synch.h: No such file or directory
configure: failed program was:
#line 3388 "configure"
#include "confdefs.h"
#include <synch.h>
configure:3423: checking for tis.h
configure:3433: c++ -E  conftest.C >/dev/null 2>conftest.out
configure:3429:17: tis.h: No such file or directory
configure: failed program was:
#line 3428 "configure"
#include "confdefs.h"
#include <tis.h>
configure:3485: checking for time.h
configure:3495: c++ -E  conftest.C >/dev/null 2>conftest.out
configure:3580: checking trying to recognize local timezone EST
configure:3686: checking for semaphore.h
configure:3696: c++ -E  conftest.C >/dev/null 2>conftest.out
configure:3735: checking for NT services
configure:3764: checking for insure
configure:3764: checking for insight
configure:3805: checking for default debug/optimization setup
configure:3936: checking for crypt.h
configure:3946: c++ -E  conftest.C >/dev/null 2>conftest.out
configure:3942:19: crypt.h: No such file or directory
configure: failed program was:
#line 3941 "configure"
#include "confdefs.h"
#include <crypt.h>
